
12/13/2016, 8:29:24 AM

Operating System
  Name                        = Mac OS X
  Version                     = 10.12.1
  Architecture                = 64bit
  # CPUs                      = 4
  Memory                      = 8589934592

Node.js
  Node.js Version             = 4.6.0
  npm Version                 = 2.15.9

Titanium CLI
  CLI Version                 = 5.0.10

Titanium SDK
  SDK Version                 = 5.5.1.GA
  SDK Path                    = /Users/dauster/Library/Application Support/Titanium/mobilesdk/osx/5.5.1.GA
  Target Platform             = android

Command
  /usr/local/bin/node /Users/dauster/.appcelerator/install/6.0.0/package/node_modules/titanium/lib/titanium.js build run --platform android --log-level trace --sdk 5.5.1.GA --project-dir /Users/dauster/Documents/Appcelerator_Studio_Workspace/HelpUs --target emulator --android-sdk /Users/dauster/Library/Android/sdk --device-id Custom Phone - 6.0.0 - API 23 - 768x1280 --skip-js-minify --no-colors --no-progress-bars --no-prompt --prompt-type socket-bundle --prompt-port 56933 --config-file /var/folders/53/95df0c810hj0f6cwq9mzjlfm0000gn/T/build-1481628561163.json --no-banner --project-dir /Users/dauster/Documents/Appcelerator_Studio_Workspace/HelpUs

[DEBUG]  Detecting modules in /Users/dauster/Library/Application Support/Titanium/modules
[DEBUG]  Detected android module: facebook 5.2.0 @ /Users/dauster/Library/Application Support/Titanium/modules/android/facebook/5.2.0
[DEBUG]  Detected android module: hyperloop 1.2.8 @ /Users/dauster/Library/Application Support/Titanium/modules/android/hyperloop/1.2.8
[DEBUG]  Detected android module: ti.cloudpush 3.4.1 @ /Users/dauster/Library/Application Support/Titanium/modules/android/ti.cloudpush/3.4.1
[DEBUG]  Detected android module: ti.map 2.3.10 @ /Users/dauster/Library/Application Support/Titanium/modules/android/ti.map/2.3.10
[DEBUG]  Detected android module: ti.touchid 1.0.0 @ /Users/dauster/Library/Application Support/Titanium/modules/android/ti.touchid/1.0.0
[DEBUG]  Detected commonjs module: ti.cloud 3.2.11 @ /Users/dauster/Library/Application Support/Titanium/modules/commonjs/ti.cloud/3.2.11
[DEBUG]  Detected iphone module: com.appcelerator.urlSession 2.0.0 @ /Users/dauster/Library/Application Support/Titanium/modules/iphone/com.appcelerator.urlSession/2.0.0
[DEBUG]  Detected iphone module: facebook 5.2.7 @ /Users/dauster/Library/Application Support/Titanium/modules/iphone/facebook/5.2.7
[DEBUG]  Detected iphone module: hyperloop 1.2.8 @ /Users/dauster/Library/Application Support/Titanium/modules/iphone/hyperloop/1.2.8
[DEBUG]  Detected iphone module: ti.coremotion 2.0.0 @ /Users/dauster/Library/Application Support/Titanium/modules/iphone/ti.coremotion/2.0.0
[DEBUG]  Detected iphone module: ti.map 2.7.1 @ /Users/dauster/Library/Application Support/Titanium/modules/iphone/ti.map/2.7.1
[DEBUG]  Detected iphone module: ti.safaridialog 1.0.5 @ /Users/dauster/Library/Application Support/Titanium/modules/iphone/ti.safaridialog/1.0.5
[DEBUG]  Detected iphone module: ti.touchid 1.2.2 @ /Users/dauster/Library/Application Support/Titanium/modules/iphone/ti.touchid/1.2.2
[DEBUG]  Looking for Titanium module id=ti.map version=latest platform=android deploy-type=development
[INFO]   Found Titanium module id=ti.map version=2.3.10 platform=android deploy-type=development path=/Users/dauster/Library/Application Support/Titanium/modules/android/ti.map/2.3.10
[DEBUG]  Detecting plugins in /Users/dauster/Documents/Appcelerator_Studio_Workspace/HelpUs/plugins
[DEBUG]  Detected plugin: ti.alloy @ /Users/dauster/Documents/Appcelerator_Studio_Workspace/HelpUs/plugins/ti.alloy
[DEBUG]  Detecting plugins in /Users/dauster/Library/Application Support/Titanium/plugins
[DEBUG]  Detected plugin: hyperloop 1.2.8 @ /Users/dauster/Library/Application Support/Titanium/plugins/hyperloop/1.2.8
[DEBUG]  Looking for Titanium plugin id=ti.alloy version=1.0
[INFO]   Found Titanium plugin id=ti.alloy version=1.0 
[TRACE]  Snapshotting build directory
[DEBUG]  Titanium SDK Android directory: /Users/dauster/Library/Application Support/Titanium/mobilesdk/osx/5.5.1.GA/android
[INFO]   Deploy type: development
[INFO]   Building for target: emulator
[INFO]   Building for emulator: Custom Phone - 6.0.0 - API 23 - 768x1280
[INFO]   Targeting Android SDK API: 23
[INFO]   Building for the following architectures: armeabi, armeabi-v7a, x86
[INFO]   Signing with keystore: /Users/dauster/Library/Application Support/Titanium/mobilesdk/osx/5.5.1.GA/android/dev_keystore (tidev)
[DEBUG]  App ID: br.com.dauster.helpus
[DEBUG]  Classname: Helpus
[INFO]   Debugging disabled
[INFO]   Profiler disabled
[INFO]   Forcing rebuild: /Users/dauster/Documents/Appcelerator_Studio_Workspace/HelpUs/build/android/build-manifest.json does not exist
[INFO]   Found Alloy app in /Users/dauster/Documents/Appcelerator_Studio_Workspace/HelpUs/app
[INFO]   Executing Alloy compile: /usr/local/bin/node /Users/dauster/.appcelerator/install/6.0.0/package/node_modules/alloy/bin/alloy compile /Users/dauster/Documents/Appcelerator_Studio_Workspace/HelpUs/app --config platform=android,version=0,simtype=none,devicefamily=none,deploytype=development,target=emulator --no-colors
[DEBUG]         .__  .__                
[DEBUG]  _____  |  | |  |   ____ ___.__.
[DEBUG]  \__  \ |  | |  |  /  _ <   |  |
[DEBUG]   / __ \|  |_|  |_(  <_> )___  |
[DEBUG]  (____  /____/____/\____// ____|
[DEBUG]       \/                 \/
[DEBUG]  Alloy 1.9.4 by Appcelerator. The MVC app framework for Titanium.
[DEBUG]  ----- CONFIGURATION -----
[DEBUG]  raw config = "platform=android,version=0,simtype=none,devicefamily=none,deploytype=development,target=emulator"
[DEBUG]  platform = android
[DEBUG]  version = 0
[DEBUG]  simtype = none
[DEBUG]  devicefamily = none
[DEBUG]  deploytype = development
[DEBUG]  target = emulator
[DEBUG]  project path = /Users/dauster/Documents/Appcelerator_Studio_Workspace/HelpUs
[DEBUG]  app path = /Users/dauster/Documents/Appcelerator_Studio_Workspace/HelpUs/app
[DEBUG]  
[DEBUG]  
[DEBUG]  ----- CONFIG.JSON -----
[WARN]   Generated "/i18n" directory is not ignored by Git, please add it to your .gitignore
[WARN]   Generated "/platform" directory is not ignored by Git, please add it to your .gitignore
[DEBUG]  dependencies = {}
[INFO]   [config.json] config.json unchanged, using cached config.json...
[DEBUG]  {
[DEBUG]  "dependencies": {},
[DEBUG]  "sourcemap": true,
[DEBUG]  "autoStyle": false,
[DEBUG]  "adapters": [
[DEBUG]  "localStorage",
[DEBUG]  "properties",
[DEBUG]  "sql"
[DEBUG]  ]
[DEBUG]  }
[DEBUG]  
[DEBUG]  ----- CLEANING RESOURCES -----
[DEBUG]  Removing orphaned controllers ...
[DEBUG]  Removing orphaned models ...
[DEBUG]  Removing orphaned styles ...
[DEBUG]  Removing orphaned sync adapters...
[DEBUG]  Removing orphaned assets and libs...
[DEBUG]  
[DEBUG]  ----- BASE RUNTIME FILES -----
[TRACE]  SRC_DIR=/Users/dauster/.appcelerator/install/6.0.0/package/node_modules/alloy/Alloy/lib
[TRACE]  Copying SRC_DIR/alloy/sync/sql.js --> Resources/android/alloy/sync/sql.js
[TRACE]  Copying SRC_DIR/alloy/sync/properties.js --> Resources/android/alloy/sync/properties.js
[TRACE]  Copying SRC_DIR/alloy/sync/localStorage.js --> Resources/android/alloy/sync/localStorage.js
[TRACE]  Copying SRC_DIR/alloy/controllers/BaseController.js --> Resources/android/alloy/controllers/BaseController.js
[TRACE]  Copying SRC_DIR/alloy/widget.js --> Resources/android/alloy/widget.js
[TRACE]  Copying SRC_DIR/alloy/underscore.js --> Resources/android/alloy/underscore.js
[TRACE]  
[TRACE]  Generating ../../../../../../Users/dauster/Documents/Appcelerator_Studio_Workspace/HelpUs/Resources/android/alloy.js
[TRACE]  SRC_DIR=/Users/dauster/.appcelerator/install/6.0.0/package/node_modules/alloy/Alloy/common
[TRACE]  Copying SRC_DIR/constants.js --> Resources/android/alloy/constants.js
[TRACE]  
[TRACE]  SRC_DIR=/Users/dauster/Documents/Appcelerator_Studio_Workspace/HelpUs/app/assets
[TRACE]  Copying SRC_DIR/placeholder/caixadoacoes.jpg --> Resources/android/placeholder/caixadoacoes.jpg
[TRACE]  
[DEBUG]  Resetting /Users/dauster/Documents/Appcelerator_Studio_Workspace/HelpUs/platform/android
[DEBUG]  
[DEBUG]  Resetting /Users/dauster/Documents/Appcelerator_Studio_Workspace/HelpUs/i18n
[DEBUG]  
[INFO]   ----- MVC GENERATION -----
[INFO]   [global style] loading from cache...
[INFO]   [models/doacao.js] model processing...
[INFO]   [models/instituto.js] model processing...
[INFO]   [doacaoDetails.xml] view processing...
[INFO]   style:      "doacaoDetails.tss"
[INFO]   view:       "doacaoDetails.xml"
[INFO]   controller: "doacaoDetails.js"
[TRACE]  - Processing "builtins" module...
[TRACE]  - Processing "optimizer" module...
[TRACE]  - Processing "compress" module...
[INFO]   created:    "Resources/android/alloy/controllers/doacaoDetails.js"
[DEBUG]  map:        "build/map/Resources/android/alloy/controllers/doacaoDetails.js.map"
[INFO]   created:     "Resources/android/alloy/styles/doacaoDetails.js"
[INFO]   [doacoes.xml] view processing...
[INFO]   style:      "doacoes.tss"
[INFO]   view:       "doacoes.xml"
[INFO]   controller: "doacoes.js"
[TRACE]  - Processing "builtins" module...
[TRACE]  - Processing "optimizer" module...
[TRACE]  - Processing "compress" module...
[INFO]   created:    "Resources/android/alloy/controllers/doacoes.js"
[DEBUG]  map:        "build/map/Resources/android/alloy/controllers/doacoes.js.map"
[INFO]   created:     "Resources/android/alloy/styles/doacoes.js"
[INFO]   [doar.xml] view processing...
[INFO]   style:      "doar.tss"
[INFO]   view:       "doar.xml"
[INFO]   controller: "doar.js"
[TRACE]  - Processing "builtins" module...
[TRACE]  - Processing "optimizer" module...
[TRACE]  - Processing "compress" module...
[INFO]   created:    "Resources/android/alloy/controllers/doar.js"
[DEBUG]  map:        "build/map/Resources/android/alloy/controllers/doar.js.map"
[INFO]   created:     "Resources/android/alloy/styles/doar.js"
[INFO]   [index.xml] view processing...
[INFO]   style:      "index.tss"
[INFO]   view:       "index.xml"
[INFO]   controller: "index.js"
[TRACE]  - Processing "builtins" module...
[TRACE]  - Processing "optimizer" module...
[TRACE]  - Processing "compress" module...
[INFO]   created:    "Resources/android/alloy/controllers/index.js"
[DEBUG]  map:        "build/map/Resources/android/alloy/controllers/index.js.map"
[INFO]   created:     "Resources/android/alloy/styles/index.js"
[INFO]   [institutoDetails.xml] view processing...
[INFO]   style:      "institutoDetails.tss"
[INFO]   view:       "institutoDetails.xml"
[INFO]   controller: "institutoDetails.js"
[TRACE]  - Processing "builtins" module...
[TRACE]  - Processing "optimizer" module...
[TRACE]  - Processing "compress" module...
[INFO]   created:    "Resources/android/alloy/controllers/institutoDetails.js"
[DEBUG]  map:        "build/map/Resources/android/alloy/controllers/institutoDetails.js.map"
[INFO]   created:     "Resources/android/alloy/styles/institutoDetails.js"
[INFO]   [institutos.xml] view processing...
[INFO]   style:      "institutos.tss"
[INFO]   view:       "institutos.xml"
[INFO]   controller: "institutos.js"
[TRACE]  - Processing "builtins" module...
[TRACE]  - Processing "optimizer" module...
[TRACE]  - Processing "compress" module...
[INFO]   created:    "Resources/android/alloy/controllers/institutos.js"
[DEBUG]  map:        "build/map/Resources/android/alloy/controllers/institutos.js.map"
[INFO]   created:     "Resources/android/alloy/styles/institutos.js"
[INFO]   [map.xml] view processing...
[INFO]   style:      "map.tss"
[INFO]   view:       "map.xml"
[INFO]   controller: "map.js"
[TRACE]  - Processing "builtins" module...
[TRACE]  - Processing "optimizer" module...
[TRACE]  - Processing "compress" module...
[INFO]   created:    "Resources/android/alloy/controllers/map.js"
[DEBUG]  map:        "build/map/Resources/android/alloy/controllers/map.js.map"
[INFO]   created:     "Resources/android/alloy/styles/map.js"
[INFO]   
[INFO]   [app.js] Titanium entry point processing...
[TRACE]  - Processing "builtins" module...
[TRACE]  - Processing "optimizer" module...
[TRACE]  - Processing "compress" module...
[INFO]   created:    "Resources/android/app.js"
[DEBUG]  map:        "build/map/Resources/android/app.js.map"
[INFO]   
[INFO]   ----- OPTIMIZING -----
[INFO]   - android/alloy.js
[TRACE]  processing "builtins" module...
[TRACE]  processing "optimizer" module...
[TRACE]  processing "compress" module...
[INFO]   - android/alloy/models/Doacao.js
[TRACE]  processing "builtins" module...
[TRACE]  processing "optimizer" module...
[TRACE]  processing "compress" module...
[INFO]   - android/alloy/models/Instituto.js
[TRACE]  processing "builtins" module...
[TRACE]  processing "optimizer" module...
[TRACE]  processing "compress" module...
[INFO]   - android/alloy/sync/localStorage.js
[TRACE]  processing "builtins" module...
[TRACE]  processing "optimizer" module...
[TRACE]  processing "compress" module...
[INFO]   - android/alloy/sync/properties.js
[TRACE]  processing "builtins" module...
[TRACE]  processing "optimizer" module...
[TRACE]  processing "compress" module...
[INFO]   - android/alloy/sync/sql.js
[TRACE]  processing "builtins" module...
[TRACE]  processing "optimizer" module...
[TRACE]  processing "compress" module...
[TRACE]  
[TRACE]  Benchmarking
[TRACE]  ------------
[TRACE]  [1.11865s] TOTAL
[INFO]   
[INFO]   Alloy compiled in 1.11865s
[INFO]   Alloy compiler completed successfully
[INFO]   Launching emulator: Custom Phone - 6.0.0 - API 23 - 768x1280
[TRACE]  Starting emulator: Custom Phone - 6.0.0 - API 23 - 768x1280
[TRACE]  Checking if emulator Custom Phone - 6.0.0 - API 23 - 768x1280 is running...
[TRACE]  Detecting if Custom Phone - 6.0.0 - API 23 - 768x1280 exists...
[TRACE]  Found 2 emulators
[TRACE]  Emulator exists, detecting all running emulators and connected devices...
[TRACE]  Detected 1 running emulators and connected devices
[TRACE]  Checking 1 devices to see if it's the emulator we want
[TRACE]  The emulator is running
[INFO]   Emulator already running
[TRACE]  Checking the boot state for the next 240000 ms
[TRACE]  Waiting for emulator to register with ADB
[TRACE]  Emulator process started
[TRACE]  offline build file /var/folders/53/95df0c810hj0f6cwq9mzjlfm0000gn/T/build-11893b3ed604ddba92f085e8558e89adc51ea5b5.json
[TRACE]  online 1
[TRACE]  sending request {"json":{"username":"disias@icloud.com","session":"d85a534d6d113903248ccec83aa1152043789001 MZOq8BET3SPu92LXAk4wGcjHWUyl6OL9qNxhsIzEBnbPs2AtnDpu52kXrtwwU4nn56X6bYVSDk26vEYo8KGSNvRS2wohJcIJGKfYzu7K0ZVKlvGaXI2y61OWciGona5H+2RUzn4Hc56dRB4ui+Ro0X6HMjhUNJgRN1wFYTTYnJgU0M3bmYP1JXXksdtOaEi+Mmxvo4VP6PWBXcq4ruMbwVYehtwIYFUi9i4RhKQd48xIV0+RNFfKwavPcHKIxfM6/O/KgRgft69DgR0Xo4cI+s0Sx+J9e4q+FSEa3l5d2lzFCoTOX4J3lmybJ9huovwo2C5iSdQoEBRq57f5JMZQsamziBD10Kw9sPpzpMMCCwEr9ifYaf0plPgRYJCCyQS/cUeUixiqKV2RGwVxzSfobqtV48OyUpiiKdsp4XBKQbGEZGokTLJTuZVYgBynTfuWpGbKws6GWHdVHc0YiwKcWl8OUijZIXhXg4AxcUOKIkds9zLm1PBMLljZkbFvkZVMPbMFKoj6PWiNfiN4CXchPFAdq3XDpkXBLRrYzxHBJiZFDpiMe5QWuemyJPX6FelrRFmKrdFY/yBKg+9BlT11CFe4D/ilNBoISKCPD/Z4O3qP+C3EAmBMiVqxuHYEHa1PAb+1x1Ve54xDNlau/GBGoPMdA4qpIO80+ykfz20a4ZA95DU10hwvPaCYTfPYxxkU6IkaB1TlJQYf9KiqPFY6VymV3/PRfwmy1pynvksHS246AFdvxe1bGnXq3QuOpz4/Xw9zRx1WfehSav+SsPj4CvunDDsx18XgUlLeimT6U8I=","ipaddress":"192.168.1.199","fingerprint":"cefaa35881226be032bb2e2593ef71a438c627d9","fingerprint_description":"Mac OSX Serial Number: C02H2EUADV7L","guid":"36600b00-0a08-4b0f-9bbb-3db4990f40f5","appid":"br.com.dauster.helpus","name":"HelpUs","org_id":100155393,"deploytype":"development","tiappxml":"<?xml version=\"1.0\" encoding=\"UTF-8\"?>\n<ti:app \n  xmlns:ti=\"http://ti.appcelerator.org\">\n  <id>br.com.dauster.helpus</id>\n  <name>HelpUs</name>\n  <version>1.0</version>\n  <publisher>dauster</publisher>\n  <url>http://www.helpus.com.br</url>\n  <description>undefined</description>\n  <copyright>2016 by dauster</copyright>\n  <icon>appicon.png</icon>\n  <fullscreen>false</fullscreen>\n  <navbar-hidden>false</navbar-hidden>\n  <analytics>true</analytics>\n  <guid>36600b00-0a08-4b0f-9bbb-3db4990f40f5</guid>\n  <property name=\"ti.ui.defaultunit\" type=\"string\">dp</property>\n  <property name=\"run-on-main-thread\" type=\"bool\">***</property>\n  <ios>\n    <enable-launch-screen-storyboard>true</enable-launch-screen-storyboard>\n    <use-app-thinning>true</use-app-thinning>\n    <plist>\n      <dict>\n        <key>UISupportedInterfaceOrientations~iphone</key>\n        <array>\n          <string>UIInterfaceOrientationPortrait</string>\n        </array>\n        <key>UISupportedInterfaceOrientations~ipad</key>\n        <array>\n          <string>UIInterfaceOrientationPortrait</string>\n          <string>UIInterfaceOrientationPortraitUpsideDown</string>\n          <string>UIInterfaceOrientationLandscapeLeft</string>\n          <string>UIInterfaceOrientationLandscapeRight</string>\n        </array>\n        <key>UIRequiresPersistentWiFi</key>\n        <false/>\n        <key>UIPrerenderedIcon</key>\n        <false/>\n        <key>UIStatusBarHidden</key>\n        <false/>\n        <key>UIStatusBarStyle</key>\n        <string>UIStatusBarStyleDefault</string>\n      </dict>\n    </plist>\n  </ios>\n  <android \n    xmlns:android=\"http://schemas.android.com/apk/res/android\">\n    <manifest>\n      <application>\n        <!-- Replace \"PASTE YOUR GOOGLE MAPS API KEY HERE\" with the Google API key you obtained -->\n        <meta-data android:name=\"com.google.android.maps.v2.API_KEY\" android:value=\"AIzaSyCOyHPBrzpYbRhpnQkG3fPl9UZ2kHBm3Ho\"/>\n      </application>\n    </manifest>\n  </android>\n  <mobileweb>\n    <precache/>\n    <splash>\n      <enabled>true</enabled>\n      <inline-css-images>true</inline-css-images>\n    </splash>\n    <theme>default</theme>\n  </mobileweb>\n  <modules>\n    <module platform=\"iphone\">ti.map</module>\n    <module platform=\"android\">ti.map</module>\n  </modules>\n  <deployment-targets>\n    <target device=\"android\">true</target>\n    <target device=\"ipad\">false</target>\n    <target device=\"iphone\">false</target>\n    <target device=\"mobileweb\">false</target>\n    <target device=\"windows\">false</target>\n  </deployment-targets>\n  <sdk-version>5.5.1.GA</sdk-version>\n  <plugins>\n    <plugin version=\"1.0\">ti.alloy</plugin>\n  </plugins>\n  <property name=\"appc-app-id\" type=\"string\">584f47c238f609f01510067b</property>\n</ti:app>","modules":[{"id":"ti.map","platform":["android"],"deployType":["development"],"modulePath":"/Users/dauster/Library/Application Support/Titanium/modules/android/ti.map/2.3.10","version":"2.3.10","manifest":{"version":"2.3.10","apiversion":"2","architectures":"armeabi armeabi-v7a x86","description":"External version of Map module to support new Google Map v2 sdk","author":"Hieu Pham","license":"Apache Public License v2","copyright":"Copyright (c) 2013-2016 by Appcelerator, Inc.","name":"map","moduleid":"ti.map","guid":"f0d8fd44-86d2-4730-b67d-bd454577aeee","platform":"android","minsdk":"4.1.0","respackage":"com.google.android.gms"},"native":true,"jarName":"map.jar","jarFile":"/Users/dauster/Library/Application Support/Titanium/modules/android/ti.map/2.3.10/map.jar","hash":"bf152cabd2eb9c59c2f8267e49eabb22","abis":["armeabi","armeabi-v7a","x86"],"bindings":{"modules":{"ti.map.MapModule":{"apiName":"Map","createProxies":[{"proxyClassName":"ti.map.AnnotationProxy","id":"ti.map.AnnotationProxy","propertyAccessors":["subtitle","subtitleid","title","titleid","latitude","longitude","draggable","image","pincolor","customView","leftButton","leftView","rightButton","rightView","showInfoWindow"],"isTopLevel":false,"name":"Annotation","parentModule":"org.appcelerator.kroll.annotations.Kroll.DEFAULT","creatableInModule":"ti.map.MapModule","fullAPIName":"Map.Annotation"},{"proxyClassName":"ti.map.CircleProxy","id":"ti.map.CircleProxy","propertyAccessors":["center","radius","strokeWidth","strokeColor","fillColor","zIndex","visible","opacity"],"isTopLevel":false,"name":"Circle","parentModule":"org.appcelerator.kroll.annotations.Kroll.DEFAULT","creatableInModule":"ti.map.MapModule","fullAPIName":"Map.Circle"},{"proxyClassName":"ti.map.PolygonProxy","id":"ti.map.PolygonProxy","propertyAccessors":["fillColor","strokeColor","strokeWidth","zIndex","points","holes"],"isTopLevel":false,"name":"Polygon","parentModule":"org.appcelerator.kroll.annotations.Kroll.DEFAULT","creatableInModule":"ti.map.MapModule","fullAPIName":"Map.Polygon"},{"proxyClassName":"ti.map.PolylineProxy","id":"ti.map.PolylineProxy","propertyAccessors":["strokeColor","strokeWidth","color","width","zIndex","points"],"isTopLevel":false,"name":"Polyline","parentModule":"org.appcelerator.kroll.annotations.Kroll.DEFAULT","creatableInModule":"ti.map.MapModule","fullAPIName":"Map.Polyline"},{"proxyClassName":"ti.map.RouteProxy","id":"ti.map.RouteProxy","propertyAccessors":["points","color","width"],"isTopLevel":false,"name":"Route","parentModule":"org.appcelerator.kroll.annotations.Kroll.DEFAULT","creatableInModule":"ti.map.MapModule","fullAPIName":"Map.Route"},{"proxyClassName":"ti.map.StreetViewPanoramaProxy","id":"ti.map.StreetViewPanoramaProxy","propertyAccessors":["position","panning","zoom","streetNames","userNavigation"],"isTopLevel":false,"name":"StreetViewPanorama","parentModule":"org.appcelerator.kroll.annotations.Kroll.DEFAULT","creatableInModule":"ti.map.MapModule","fullAPIName":"Map.StreetViewPanorama"},{"proxyClassName":"ti.map.ViewProxy","id":"ti.map.ViewProxy","propertyAccessors":["userLocation","userLocationButton","mapType","region","annotations","animate","traffic","enableZoomControls","compassEnabled"],"isTopLevel":false,"name":"View","parentModule":"org.appcelerator.kroll.annotations.Kroll.DEFAULT","creatableInModule":"ti.map.MapModule","fullAPIName":"Map.View"}]}},"proxies":{"ti.map.CircleProxy":{"proxyClassName":"CircleProxy","superProxyClassName":"KrollProxy","proxyAttrs":{"proxyClassName":"ti.map.CircleProxy","id":"ti.map.CircleProxy","propertyAccessors":["center","radius","strokeWidth","strokeColor","fillColor","zIndex","visible","opacity"],"isTopLevel":false,"name":"Circle","parentModule":"org.appcelerator.kroll.annotations.Kroll.DEFAULT","creatableInModule":"ti.map.MapModule","fullAPIName":"Map.Circle"},"superProxyBindingClassName":"org.appcelerator.kroll.KrollProxyBindingGen","packageName":"ti.map","useTiContext":true,"sourceName":"ti.map.CircleProxyBindingGen","genClassName":"CircleProxyBindingGen","isModule":false,"superPackageName":"org.appcelerator.kroll"},"ti.map.PolylineProxy":{"proxyClassName":"PolylineProxy","superProxyClassName":"KrollProxy","proxyAttrs":{"proxyClassName":"ti.map.PolylineProxy","id":"ti.map.PolylineProxy","propertyAccessors":["strokeColor","strokeWidth","color","width","zIndex","points"],"isTopLevel":false,"name":"Polyline","parentModule":"org.appcelerator.kroll.annotations.Kroll.DEFAULT","creatableInModule":"ti.map.MapModule","fullAPIName":"Map.Polyline"},"superProxyBindingClassName":"org.appcelerator.kroll.KrollProxyBindingGen","packageName":"ti.map","useTiContext":true,"sourceName":"ti.map.PolylineProxyBindingGen","genClassName":"PolylineProxyBindingGen","isModule":false,"superPackageName":"org.appcelerator.kroll"},"ti.map.MapModule":{"methods":{"isGooglePlayServicesAvailable":{"hasInvocation":false,"apiName":"isGooglePlayServicesAvailable","defaultValueProvider":"org.appcelerator.kroll.KrollConverter","args":[],"converter":"org.appcelerator.kroll.KrollConverter","runOnUiThread":false,"name":"__default_name__","returnType":"int"}},"proxyClassName":"MapModule","superProxyClassName":"KrollModule","proxyAttrs":{"proxyClassName":"ti.map.MapModule","id":"ti.map","propertyAccessors":[],"isTopLevel":false,"name":"Map","fullAPIName":"Map"},"superProxyBindingClassName":"org.appcelerator.kroll.KrollModuleBindingGen","packageName":"ti.map","sourceName":"ti.map.MapModuleBindingGen","constants":{"SUCCESS":{"name":"SUCCESS","value":0,"proxyName":"SUCCESS","type":"int"},"ANNOTATION_DRAG_STATE_START":{"name":"ANNOTATION_DRAG_STATE_START","value":0,"proxyName":"ANNOTATION_DRAG_STATE_START","type":"int"},"SATELLITE_TYPE":{"name":"SATELLITE_TYPE","value":2,"proxyName":"SATELLITE_TYPE","type":"int"},"NORMAL_TYPE":{"name":"NORMAL_TYPE","value":1,"proxyName":"NORMAL_TYPE","type":"int"},"HYBRID_TYPE":{"name":"HYBRID_TYPE","value":4,"proxyName":"HYBRID_TYPE","type":"int"},"SERVICE_VERSION_UPDATE_REQUIRED":{"name":"SERVICE_VERSION_UPDATE_REQUIRED","value":2,"proxyName":"SERVICE_VERSION_UPDATE_REQUIRED","type":"int"},"ANNOTATION_VIOLET":{"name":"ANNOTATION_VIOLET","value":270,"proxyName":"ANNOTATION_VIOLET","type":"float"},"ANNOTATION_CYAN":{"name":"ANNOTATION_CYAN","value":180,"proxyName":"ANNOTATION_CYAN","type":"float"},"SERVICE_DISABLED":{"name":"SERVICE_DISABLED","value":3,"proxyName":"SERVICE_DISABLED","type":"int"},"ANNOTATION_RED":{"name":"ANNOTATION_RED","value":0,"proxyName":"ANNOTATION_RED","type":"float"},"ANNOTATION_ORANGE":{"name":"ANNOTATION_ORANGE","value":30,"proxyName":"ANNOTATION_ORANGE","type":"float"},"ANNOTATION_BLUE":{"name":"ANNOTATION_BLUE","value":240,"proxyName":"ANNOTATION_BLUE","type":"float"},"SERVICE_MISSING":{"name":"SERVICE_MISSING","value":1,"proxyName":"SERVICE_MISSING","type":"int"},"ANNOTATION_YELLOW":{"name":"ANNOTATION_YELLOW","value":60,"proxyName":"ANNOTATION_YELLOW","type":"float"},"ANNOTATION_MAGENTA":{"name":"ANNOTATION_MAGENTA","value":300,"proxyName":"ANNOTATION_MAGENTA","type":"float"},"ANNOTATION_DRAG_STATE_END":{"name":"ANNOTATION_DRAG_STATE_END","value":1,"proxyName":"ANNOTATION_DRAG_STATE_END","type":"int"},"SERVICE_INVALID":{"name":"SERVICE_INVALID","value":9,"proxyName":"SERVICE_INVALID","type":"int"},"ANNOTATION_GREEN":{"name":"ANNOTATION_GREEN","value":120,"proxyName":"ANNOTATION_GREEN","type":"float"},"ANNOTATION_ROSE":{"name":"ANNOTATION_ROSE","value":330,"proxyName":"ANNOTATION_ROSE","type":"float"},"ANNOTATION_AZURE":{"name":"ANNOTATION_AZURE","value":210,"proxyName":"ANNOTATION_AZURE","type":"float"},"TERRAIN_TYPE":{"name":"TERRAIN_TYPE","value":3,"proxyName":"TERRAIN_TYPE","type":"int"}},"genClassName":"MapModuleBindingGen","isModule":true,"superPackageName":"org.appcelerator.kroll"},"ti.map.RouteProxy":{"proxyClassName":"RouteProxy","superProxyClassName":"KrollProxy","proxyAttrs":{"proxyClassName":"ti.map.RouteProxy","id":"ti.map.RouteProxy","propertyAccessors":["points","color","width"],"isTopLevel":false,"name":"Route","parentModule":"org.appcelerator.kroll.annotations.Kroll.DEFAULT","creatableInModule":"ti.map.MapModule","fullAPIName":"Map.Route"},"superProxyBindingClassName":"org.appcelerator.kroll.KrollProxyBindingGen","packageName":"ti.map","useTiContext":true,"sourceName":"ti.map.RouteProxyBindingGen","genClassName":"RouteProxyBindingGen","isModule":false,"superPackageName":"org.appcelerator.kroll"},"ti.map.PolygonProxy":{"methods":{"setHoles":{"hasInvocation":false,"apiName":"setHoles","defaultValueProvider":"org.appcelerator.kroll.KrollConverter","args":[{"defaultValueProvider":"org.appcelerator.kroll.KrollConverter","converter":"org.appcelerator.kroll.KrollConverter","sourceName":"holesList","name":"holesList","type":"java.lang.Object[]"}],"converter":"org.appcelerator.kroll.KrollConverter","runOnUiThread":false,"name":"__default_name__","returnType":"void"}},"proxyClassName":"PolygonProxy","superProxyClassName":"KrollProxy","proxyAttrs":{"proxyClassName":"ti.map.PolygonProxy","id":"ti.map.PolygonProxy","propertyAccessors":["fillColor","strokeColor","strokeWidth","zIndex","points","holes"],"isTopLevel":false,"name":"Polygon","parentModule":"org.appcelerator.kroll.annotations.Kroll.DEFAULT","creatableInModule":"ti.map.MapModule","fullAPIName":"Map.Polygon"},"superProxyBindingClassName":"org.appcelerator.kroll.KrollProxyBindingGen","packageName":"ti.map","useTiContext":true,"sourceName":"ti.map.PolygonProxyBindingGen","genClassName":"PolygonProxyBindingGen","isModule":false,"superPackageName":"org.appcelerator.kroll"},"ti.map.AnnotationProxy":{"proxyClassName":"AnnotationProxy","superProxyClassName":"KrollProxy","proxyAttrs":{"proxyClassName":"ti.map.AnnotationProxy","id":"ti.map.AnnotationProxy","propertyAccessors":["subtitle","subtitleid","title","titleid","latitude","longitude","draggable","image","pincolor","customView","leftButton","leftView","rightButton","rightView","showInfoWindow"],"isTopLevel":false,"name":"Annotation","parentModule":"org.appcelerator.kroll.annotations.Kroll.DEFAULT","creatableInModule":"ti.map.MapModule","fullAPIName":"Map.Annotation"},"superProxyBindingClassName":"org.appcelerator.kroll.KrollProxyBindingGen","packageName":"ti.map","useTiContext":true,"sourceName":"ti.map.AnnotationProxyBindingGen","genClassName":"AnnotationProxyBindingGen","isModule":false,"superPackageName":"org.appcelerator.kroll"},"ti.map.ViewProxy":{"methods":{"removePolyline":{"hasInvocation":false,"apiName":"removePolyline","defaultValueProvider":"org.appcelerator.kroll.KrollConverter","args":[{"defaultValueProvider":"org.appcelerator.kroll.KrollConverter","converter":"org.appcelerator.kroll.KrollConverter","sourceName":"polyline","name":"polyline","type":"ti.map.PolylineProxy"}],"converter":"org.appcelerator.kroll.KrollConverter","runOnUiThread":false,"name":"__default_name__","returnType":"void"},"zoom":{"hasInvocation":false,"apiName":"zoom","defaultValueProvider":"org.appcelerator.kroll.KrollConverter","args":[{"defaultValueProvider":"org.appcelerator.kroll.KrollConverter","converter":"org.appcelerator.kroll.KrollConverter","sourceName":"delta","name":"delta","type":"int"}],"converter":"org.appcelerator.kroll.KrollConverter","runOnUiThread":false,"name":"__default_name__","returnType":"void"},"snapshot":{"hasInvocation":false,"apiName":"snapshot","defaultValueProvider":"org.appcelerator.kroll.KrollConverter","args":[],"converter":"org.appcelerator.kroll.KrollConverter","runOnUiThread":false,"name":"__default_name__","returnType":"void"},"getMaxZoomLevel":{"hasInvocation":false,"apiName":"getMaxZoomLevel","defaultValueProvider":"org.appcelerator.kroll.KrollConverter","args":[],"converter":"org.appcelerator.kroll.KrollConverter","runOnUiThread":false,"name":"__default_name__","returnType":"float"},"removeAllAnnotations":{"hasInvocation":false,"apiName":"removeAllAnnotations","defaultValueProvider":"org.appcelerator.kroll.KrollConverter","args":[],"converter":"org.appcelerator.kroll.KrollConverter","runOnUiThread":false,"name":"__default_name__","returnType":"void"},"addCircle":{"hasInvocation":false,"apiName":"addCircle","defaultValueProvider":"org.appcelerator.kroll.KrollConverter","args":[{"defaultValueProvider":"org.appcelerator.kroll.KrollConverter","converter":"org.appcelerator.kroll.KrollConverter","sourceName":"circle","name":"circle","type":"ti.map.CircleProxy"}],"converter":"org.appcelerator.kroll.KrollConverter","runOnUiThread":false,"name":"__default_name__","returnType":"void"},"removeAnnotation":{"hasInvocation":false,"apiName":"removeAnnotation","defaultValueProvider":"org.appcelerator.kroll.KrollConverter","args":[{"defaultValueProvider":"org.appcelerator.kroll.KrollConverter","converter":"org.appcelerator.kroll.KrollConverter","sourceName":"annotation","name":"annotation","type":"java.lang.Object"}],"converter":"org.appcelerator.kroll.KrollConverter","runOnUiThread":false,"name":"__default_name__","returnType":"void"},"addRoute":{"hasInvocation":false,"apiName":"addRoute","defaultValueProvider":"org.appcelerator.kroll.KrollConverter","args":[{"defaultValueProvider":"org.appcelerator.kroll.KrollConverter","converter":"org.appcelerator.kroll.KrollConverter","sourceName":"route","name":"route","type":"ti.map.RouteProxy"}],"converter":"org.appcelerator.kroll.KrollConverter","runOnUiThread":false,"name":"__default_name__","returnType":"void"},"addPolyline":{"hasInvocation":false,"apiName":"addPolyline","defaultValueProvider":"org.appcelerator.kroll.KrollConverter","args":[{"defaultValueProvider":"org.appcelerator.kroll.KrollConverter","converter":"org.appcelerator.kroll.KrollConverter","sourceName":"polyline","name":"polyline","type":"ti.map.PolylineProxy"}],"converter":"org.appcelerator.kroll.KrollConverter","runOnUiThread":false,"name":"__default_name__","returnType":"void"},"getMinZoomLevel":{"hasInvocation":false,"apiName":"getMinZoomLevel","defaultValueProvider":"org.appcelerator.kroll.KrollConverter","args":[],"converter":"org.appcelerator.kroll.KrollConverter","runOnUiThread":false,"name":"__default_name__","returnType":"float"},"removeAllPolylines":{"hasInvocation":false,"apiName":"removeAllPolylines","defaultValueProvider":"org.appcelerator.kroll.KrollConverter","args":[],"converter":"org.appcelerator.kroll.KrollConverter","runOnUiThread":false,"name":"__default_name__","returnType":"void"},"removeAllPolygons":{"hasInvocation":false,"apiName":"removeAllPolygons","defaultValueProvider":"org.appcelerator.kroll.KrollConverter","args":[],"converter":"org.appcelerator.kroll.KrollConverter","runOnUiThread":false,"name":"__default_name__","returnType":"void"},"setLocation":{"hasInvocation":false,"apiName":"setLocation","defaultValueProvider":"org.appcelerator.kroll.KrollConverter","args":[{"defaultValueProvider":"org.appcelerator.kroll.KrollConverter","converter":"org.appcelerator.kroll.KrollConverter","sourceName":"location","name":"location","type":"java.lang.Object"}],"converter":"org.appcelerator.kroll.KrollConverter","runOnUiThread":false,"name":"__default_name__","returnType":"void"},"removeAllCircles":{"hasInvocation":false,"apiName":"removeAllCircles","defaultValueProvider":"org.appcelerator.kroll.KrollConverter","args":[],"converter":"org.appcelerator.kroll.KrollConverter","runOnUiThread":false,"name":"__default_name__","returnType":"void"},"deselectAnnotation":{"hasInvocation":false,"apiName":"deselectAnnotation","defaultValueProvider":"org.appcelerator.kroll.KrollConverter","args":[{"defaultValueProvider":"org.appcelerator.kroll.KrollConverter","converter":"org.appcelerator.kroll.KrollConverter","sourceName":"annotation","name":"annotation","type":"java.lang.Object"}],"converter":"org.appcelerator.kroll.KrollConverter","runOnUiThread":false,"name":"__default_name__","returnType":"void"},"removeCircle":{"hasInvocation":false,"apiName":"removeCircle","defaultValueProvider":"org.appcelerator.kroll.KrollConverter","args":[{"defaultValueProvider":"org.appcelerator.kroll.KrollConverter","converter":"org.appcelerator.kroll.KrollConverter","sourceName":"circle","name":"circle","type":"ti.map.CircleProxy"}],"converter":"org.appcelerator.kroll.KrollConverter","runOnUiThread":false,"name":"__default_name__","returnType":"void"},"removePolygon":{"hasInvocation":false,"apiName":"removePolygon","defaultValueProvider":"org.appcelerator.kroll.KrollConverter","args":[{"defaultValueProvider":"org.appcelerator.kroll.KrollConverter","converter":"org.appcelerator.kroll.KrollConverter","sourceName":"polygon","name":"polygon","type":"ti.map.PolygonProxy"}],"converter":"org.appcelerator.kroll.KrollConverter","runOnUiThread":false,"name":"__default_name__","returnType":"void"},"addPolygon":{"hasInvocation":false,"apiName":"addPolygon","defaultValueProvider":"org.appcelerator.kroll.KrollConverter","args":[{"defaultValueProvider":"org.appcelerator.kroll.KrollConverter","converter":"org.appcelerator.kroll.KrollConverter","sourceName":"polygon","name":"polygon","type":"ti.map.PolygonProxy"}],"converter":"org.appcelerator.kroll.KrollConverter","runOnUiThread":false,"name":"__default_name__","returnType":"void"},"selectAnnotation":{"hasInvocation":false,"apiName":"selectAnnotation","defaultValueProvider":"org.appcelerator.kroll.KrollConverter","args":[{"defaultValueProvider":"org.appcelerator.kroll.KrollConverter","converter":"org.appcelerator.kroll.KrollConverter","sourceName":"annotation","name":"annotation","type":"java.lang.Object"}],"converter":"org.appcelerator.kroll.KrollConverter","runOnUiThread":false,"name":"__default_name__","returnType":"void"},"addAnnotations":{"hasInvocation":false,"apiName":"addAnnotations","defaultValueProvider":"org.appcelerator.kroll.KrollConverter","args":[{"defaultValueProvider":"org.appcelerator.kroll.KrollConverter","converter":"org.appcelerator.kroll.KrollConverter","sourceName":"annoObject","name":"annoObject","type":"java.lang.Object"}],"converter":"org.appcelerator.kroll.KrollConverter","runOnUiThread":false,"name":"__default_name__","returnType":"void"},"removeAnnotations":{"hasInvocation":false,"apiName":"removeAnnotations","defaultValueProvider":"org.appcelerator.kroll.KrollConverter","args":[{"defaultValueProvider":"org.appcelerator.kroll.KrollConverter","converter":"org.appcelerator.kroll.KrollConverter","sourceName":"annos","name":"annos","type":"java.lang.Object"}],"converter":"org.appcelerator.kroll.KrollConverter","runOnUiThread":false,"name":"__default_name__","returnType":"void"},"removeRoute":{"hasInvocation":false,"apiName":"removeRoute","defaultValueProvider":"org.appcelerator.kroll.KrollConverter","args":[{"defaultValueProvider":"org.appcelerator.kroll.KrollConverter","converter":"org.appcelerator.kroll.KrollConverter","sourceName":"route","name":"route","type":"ti.map.RouteProxy"}],"converter":"org.appcelerator.kroll.KrollConverter","runOnUiThread":false,"name":"__default_name__","returnType":"void"},"addAnnotation":{"hasInvocation":false,"apiName":"addAnnotation","defaultValueProvider":"org.appcelerator.kroll.KrollConverter","args":[{"defaultValueProvider":"org.appcelerator.kroll.KrollConverter","converter":"org.appcelerator.kroll.KrollConverter","sourceName":"annotation","name":"annotation","type":"ti.map.AnnotationProxy"}],"converter":"org.appcelerator.kroll.KrollConverter","runOnUiThread":false,"name":"__default_name__","returnType":"void"}},"proxyClassName":"ViewProxy","superProxyClassName":"TiViewProxy","proxyAttrs":{"proxyClassName":"ti.map.ViewProxy","id":"ti.map.ViewProxy","propertyAccessors":["userLocation","userLocationButton","mapType","region","annotations","animate","traffic","enableZoomControls","compassEnabled"],"isTopLevel":false,"name":"View","parentModule":"org.appcelerator.kroll.annotations.Kroll.DEFAULT","creatableInModule":"ti.map.MapModule","fullAPIName":"Map.View"},"superProxyBindingClassName":"org.appcelerator.titanium.proxy.TiViewProxyBindingGen","packageName":"ti.map","dynamicProperties":{"minZoomLevel":{"getMethodArgs":[],"get":true,"runOnUiThread":false,"set":false,"getHasInvocation":false,"getMethodName":"getMinZoomLevel","getReturnType":"float","javascriptConverter":"org.appcelerator.kroll.KrollConverter","getDefaultProviders":[],"defaultValueProvider":"org.appcelerator.kroll.KrollConverter","converter":"org.appcelerator.kroll.KrollConverter","name":"minZoomLevel","nativeConverter":"org.appcelerator.kroll.KrollConverter","setHasInvocation":false},"maxZoomLevel":{"getMethodArgs":[],"get":true,"runOnUiThread":false,"set":false,"getHasInvocation":false,"getMethodName":"getMaxZoomLevel","getReturnType":"float","javascriptConverter":"org.appcelerator.kroll.KrollConverter","getDefaultProviders":[],"defaultValueProvider":"org.appcelerator.kroll.KrollConverter","converter":"org.appcelerator.kroll.KrollConverter","name":"maxZoomLevel","nativeConverter":"org.appcelerator.kroll.KrollConverter","setHasInvocation":false}},"sourceName":"ti.map.ViewProxyBindingGen","genClassName":"ViewProxyBindingGen","isModule":false,"superPackageName":"org.appcelerator.titanium.proxy"},"ti.map.StreetViewPanoramaProxy":{"proxyClassName":"StreetViewPanoramaProxy","superProxyClassName":"ViewProxy","proxyAttrs":{"proxyClassName":"ti.map.StreetViewPanoramaProxy","id":"ti.map.StreetViewPanoramaProxy","propertyAccessors":["position","panning","zoom","streetNames","userNavigation"],"isTopLevel":false,"name":"StreetViewPanorama","parentModule":"org.appcelerator.kroll.annotations.Kroll.DEFAULT","creatableInModule":"ti.map.MapModule","fullAPIName":"Map.StreetViewPanorama"},"superProxyBindingClassName":"ti.map.ViewProxyBindingGen","packageName":"ti.map","sourceName":"ti.map.StreetViewPanoramaProxyBindingGen","genClassName":"StreetViewPanoramaProxyBindingGen","isModule":false,"superPackageName":"ti.map"}}}}]},"gzip":true,"followAllRedirects":true,"url":"https://security.appcelerator.com/build-verify"}
[TRACE]  Found 1 devices, checking if any of them are the emulator...
[TRACE]  Emulator is running!
[TRACE]  Checking if boot animation has finished...
[TRACE]  Emulator is booted, emitting booted event
[INFO]   Emulator is booted
[INFO]   SD card not required, skipping mount check
[INFO]   Emulator ready!
[TRACE]  result from /build-verify=> {"success":false,"error":"Developer Certificate Not Found. Please logout using `appc logout -D` and then re-login again.","code":"com.appcelerator.security.certificate.notfound"}, err=null